[2025-07-20 21:58:45.730][INFO][MainThread][server.app.logger.logger_loader:__init__:93] - Log files /Users/lianghuiyang/Desktop/Project Space/Collaborative_AI_chatbot_firebase-1/server/log/debug.log and /Users/lianghuiyang/Desktop/Project Space/Collaborative_AI_chatbot_firebase-1/server/log/info.log created.
[2025-07-20 21:58:45.952][ERROR][MainThread][None:<unknown>:0] - Traceback (most recent call last):
  File "/Users/lianghuiyang/Desktop/Project Space/Collaborative_AI_chatbot_firebase-1/server/app/main.py", line 6, in <module>
    from server.app.routes import router  # 导入所有的 API 路由
    ^^^^^^^^^^^^^^^^^^^^^^^^^^^^^^^^^^^^
  File "/Users/lianghuiyang/Desktop/Project Space/Collaborative_AI_chatbot_firebase-1/server/app/routes/__init__.py", line 4, in <module>
    from .users import router as users_router
  File "/Users/lianghuiyang/Desktop/Project Space/Collaborative_AI_chatbot_firebase-1/server/app/routes/users.py", line 5, in <module>
    from server.app.database import db
  File "/Users/lianghuiyang/Desktop/Project Space/Collaborative_AI_chatbot_firebase-1/server/app/database.py", line 26, in <module>
    raise RuntimeError("FIREBASE_KEY_JSON not set in .env.local for development mode")
RuntimeError: FIREBASE_KEY_JSON not set in .env.local for development mode

[2025-07-20 22:07:35.241][INFO][MainThread][server.app.logger.logger_loader:__init__:93] - Log files /Users/lianghuiyang/Desktop/Project Space/Collaborative_AI_chatbot_firebase-1/server/log/debug.log and /Users/lianghuiyang/Desktop/Project Space/Collaborative_AI_chatbot_firebase-1/server/log/info.log created.
[2025-07-20 22:07:35.459][ERROR][MainThread][multiprocessing.util:_flush_std_streams:439] - Process SpawnProcess-1:
Traceback (most recent call last):
  File "/Library/Frameworks/Python.framework/Versions/3.12/lib/python3.12/multiprocessing/process.py", line 314, in _bootstrap
    self.run()
  File "/Library/Frameworks/Python.framework/Versions/3.12/lib/python3.12/multiprocessing/process.py", line 108, in run
    self._target(*self._args, **self._kwargs)
  File "/Users/lianghuiyang/Desktop/Project Space/Collaborative_AI_chatbot_firebase-1/.venv/lib/python3.12/site-packages/uvicorn/_subprocess.py", line 80, in subprocess_started
    target(sockets=sockets)
  File "/Users/lianghuiyang/Desktop/Project Space/Collaborative_AI_chatbot_firebase-1/.venv/lib/python3.12/site-packages/uvicorn/server.py", line 66, in run
    return asyncio.run(self.serve(sockets=sockets))
           ^^^^^^^^^^^^^^^^^^^^^^^^^^^^^^^^^^^^^^^^
  File "/Library/Frameworks/Python.framework/Versions/3.12/lib/python3.12/asyncio/runners.py", line 194, in run
    return runner.run(main)
           ^^^^^^^^^^^^^^^^
  File "/Library/Frameworks/Python.framework/Versions/3.12/lib/python3.12/asyncio/runners.py", line 118, in run
    return self._loop.run_until_complete(task)
           ^^^^^^^^^^^^^^^^^^^^^^^^^^^^^^^^^^^
  File "uvloop/loop.pyx", line 1518, in uvloop.loop.Loop.run_until_complete
  File "/Users/lianghuiyang/Desktop/Project Space/Collaborative_AI_chatbot_firebase-1/.venv/lib/python3.12/site-packages/uvicorn/server.py", line 70, in serve
    await self._serve(sockets)
  File "/Users/lianghuiyang/Desktop/Project Space/Collaborative_AI_chatbot_firebase-1/.venv/lib/python3.12/site-packages/uvicorn/server.py", line 77, in _serve
    config.load()
  File "/Users/lianghuiyang/Desktop/Project Space/Collaborative_AI_chatbot_firebase-1/.venv/lib/python3.12/site-packages/uvicorn/config.py", line 435, in load
    self.loaded_app = import_from_string(self.app)
                      ^^^^^^^^^^^^^^^^^^^^^^^^^^^^
  File "/Users/lianghuiyang/Desktop/Project Space/Collaborative_AI_chatbot_firebase-1/.venv/lib/python3.12/site-packages/uvicorn/importer.py", line 19, in import_from_string
    module = importlib.import_module(module_str)
             ^^^^^^^^^^^^^^^^^^^^^^^^^^^^^^^^^^^
  File "/Library/Frameworks/Python.framework/Versions/3.12/lib/python3.12/importlib/__init__.py", line 90, in import_module
    return _bootstrap._gcd_import(name[level:], package, level)
           ^^^^^^^^^^^^^^^^^^^^^^^^^^^^^^^^^^^^^^^^^^^^^^^^^^^^
  File "<frozen importlib._bootstrap>", line 1381, in _gcd_import
  File "<frozen importlib._bootstrap>", line 1354, in _find_and_load
  File "<frozen importlib._bootstrap>", line 1325, in _find_and_load_unlocked
  File "<frozen importlib._bootstrap>", line 929, in _load_unlocked
  File "<frozen importlib._bootstrap_external>", line 994, in exec_module
  File "<frozen importlib._bootstrap>", line 488, in _call_with_frames_removed
  File "/Users/lianghuiyang/Desktop/Project Space/Collaborative_AI_chatbot_firebase-1/server/app/main.py", line 6, in <module>
    from server.app.routes import router  # 导入所有的 API 路由
    ^^^^^^^^^^^^^^^^^^^^^^^^^^^^^^^^^^^^
  File "/Users/lianghuiyang/Desktop/Project Space/Collaborative_AI_chatbot_firebase-1/server/app/routes/__init__.py", line 4, in <module>
    from .users import router as users_router
  File "/Users/lianghuiyang/Desktop/Project Space/Collaborative_AI_chatbot_firebase-1/server/app/routes/users.py", line 5, in <module>
    from server.app.database import db
  File "/Users/lianghuiyang/Desktop/Project Space/Collaborative_AI_chatbot_firebase-1/server/app/database.py", line 26, in <module>
    raise RuntimeError("FIREBASE_KEY_JSON not set in .env.local for development mode")
RuntimeError: FIREBASE_KEY_JSON not set in .env.local for development mode

[2025-07-20 22:09:14.715][INFO][MainThread][server.app.logger.logger_loader:__init__:93] - Log files /Users/lianghuiyang/Desktop/Project Space/Collaborative_AI_chatbot_firebase-1/server/log/debug.log and /Users/lianghuiyang/Desktop/Project Space/Collaborative_AI_chatbot_firebase-1/server/log/info.log created.
[2025-07-20 22:09:15.014][ERROR][MainThread][None:<unknown>:0] - Traceback (most recent call last):
  File "/Users/lianghuiyang/Desktop/Project Space/Collaborative_AI_chatbot_firebase-1/server/app/main.py", line 6, in <module>
    from server.app.routes import router  # 导入所有的 API 路由
    ^^^^^^^^^^^^^^^^^^^^^^^^^^^^^^^^^^^^
  File "/Users/lianghuiyang/Desktop/Project Space/Collaborative_AI_chatbot_firebase-1/server/app/routes/__init__.py", line 9, in <module>
    from .analysis import router as analysis_router
  File "/Users/lianghuiyang/Desktop/Project Space/Collaborative_AI_chatbot_firebase-1/server/app/routes/analysis.py", line 5, in <module>
    from server.app.anomaly_analyze import analyze_anomaly_status
  File "/Users/lianghuiyang/Desktop/Project Space/Collaborative_AI_chatbot_firebase-1/server/app/anomaly_analyze.py", line 21, in <module>
    from server.app.routes.analysis import Member, CurrentUser
ImportError: cannot import name 'Member' from partially initialized module 'server.app.routes.analysis' (most likely due to a circular import) (/Users/lianghuiyang/Desktop/Project Space/Collaborative_AI_chatbot_firebase-1/server/app/routes/analysis.py)

[2025-07-20 22:09:42.469][INFO][MainThread][server.app.logger.logger_loader:__init__:93] - Log files /Users/lianghuiyang/Desktop/Project Space/Collaborative_AI_chatbot_firebase-1/server/log/debug.log and /Users/lianghuiyang/Desktop/Project Space/Collaborative_AI_chatbot_firebase-1/server/log/info.log created.
[2025-07-20 22:09:42.736][INFO][MainThread][logging:flush:1144] - [32mINFO[0m:     Will watch for changes in these directories: ['/Users/lianghuiyang/Desktop/Project Space/Collaborative_AI_chatbot_firebase-1/server']

[2025-07-20 22:09:42.736][INFO][MainThread][logging:flush:1144] - [32mINFO[0m:     Uvicorn running on [1mhttp://0.0.0.0:8000[0m (Press CTRL+C to quit)

[2025-07-20 22:09:42.736][INFO][MainThread][logging:flush:1144] - [32mINFO[0m:     Started reloader process [[36m[1m84488[0m] using [36m[1mWatchFiles[0m

[2025-07-20 22:09:42.925][INFO][MainThread][server.app.logger.logger_loader:__init__:93] - Log files /Users/lianghuiyang/Desktop/Project Space/Collaborative_AI_chatbot_firebase-1/server/log/debug.log and /Users/lianghuiyang/Desktop/Project Space/Collaborative_AI_chatbot_firebase-1/server/log/info.log created.
[2025-07-20 22:09:43.203][INFO][MainThread][logging:flush:1144] - [32mINFO[0m:     Started server process [[36m84490[0m]

[2025-07-20 22:09:43.204][INFO][MainThread][logging:flush:1144] - [32mINFO[0m:     Waiting for application startup.

[2025-07-20 22:09:43.204][INFO][MainThread][server.app.websocket_routes:heartbeat_checker:130] - Start websocket server (heartbeat_checker). TID=39088999.
[2025-07-20 22:09:43.204][INFO][MainThread][server.app.websocket_routes:_message_handler:71] - Start websocket server (_message_handler). TID=39088999.
[2025-07-20 22:09:43.204][INFO][MainThread][server.app.websocket_routes:_sender:103] - Start websocket server (_sender). TID=39088999.
[2025-07-20 22:09:43.204][INFO][MainThread][logging:flush:1144] - [32mINFO[0m:     Application startup complete.

[2025-07-20 22:27:44.550][INFO][MainThread][logging:flush:1144] - [32mINFO[0m:     Shutting down

[2025-07-20 22:27:44.654][INFO][MainThread][logging:flush:1144] - [32mINFO[0m:     Waiting for application shutdown.

[2025-07-20 22:27:44.656][INFO][MainThread][logging:flush:1144] - [32mINFO[0m:     Application shutdown complete.

[2025-07-20 22:27:44.656][INFO][MainThread][logging:flush:1144] - [32mINFO[0m:     Finished server process [[36m84490[0m]

[2025-07-20 22:27:44.668][INFO][MainThread][logging:flush:1144] - [32mINFO[0m:     Stopping reloader process [[36m[1m84488[0m]

[2025-07-20 22:29:50.681][INFO][MainThread][server.app.logger.logger_loader:__init__:93] - Log files /Users/lianghuiyang/Desktop/Project Space/Collaborative_AI_chatbot_firebase-1/server/log/debug.log and /Users/lianghuiyang/Desktop/Project Space/Collaborative_AI_chatbot_firebase-1/server/log/info.log created.
[2025-07-20 22:29:50.898][ERROR][MainThread][multiprocessing.util:_flush_std_streams:439] - Process SpawnProcess-1:
Traceback (most recent call last):
  File "/Library/Frameworks/Python.framework/Versions/3.12/lib/python3.12/multiprocessing/process.py", line 314, in _bootstrap
    self.run()
  File "/Library/Frameworks/Python.framework/Versions/3.12/lib/python3.12/multiprocessing/process.py", line 108, in run
    self._target(*self._args, **self._kwargs)
  File "/Users/lianghuiyang/Desktop/Project Space/Collaborative_AI_chatbot_firebase-1/.venv/lib/python3.12/site-packages/uvicorn/_subprocess.py", line 80, in subprocess_started
    target(sockets=sockets)
  File "/Users/lianghuiyang/Desktop/Project Space/Collaborative_AI_chatbot_firebase-1/.venv/lib/python3.12/site-packages/uvicorn/server.py", line 66, in run
    return asyncio.run(self.serve(sockets=sockets))
           ^^^^^^^^^^^^^^^^^^^^^^^^^^^^^^^^^^^^^^^^
  File "/Library/Frameworks/Python.framework/Versions/3.12/lib/python3.12/asyncio/runners.py", line 194, in run
    return runner.run(main)
           ^^^^^^^^^^^^^^^^
  File "/Library/Frameworks/Python.framework/Versions/3.12/lib/python3.12/asyncio/runners.py", line 118, in run
    return self._loop.run_until_complete(task)
           ^^^^^^^^^^^^^^^^^^^^^^^^^^^^^^^^^^^
  File "uvloop/loop.pyx", line 1518, in uvloop.loop.Loop.run_until_complete
  File "/Users/lianghuiyang/Desktop/Project Space/Collaborative_AI_chatbot_firebase-1/.venv/lib/python3.12/site-packages/uvicorn/server.py", line 70, in serve
    await self._serve(sockets)
  File "/Users/lianghuiyang/Desktop/Project Space/Collaborative_AI_chatbot_firebase-1/.venv/lib/python3.12/site-packages/uvicorn/server.py", line 77, in _serve
    config.load()
  File "/Users/lianghuiyang/Desktop/Project Space/Collaborative_AI_chatbot_firebase-1/.venv/lib/python3.12/site-packages/uvicorn/config.py", line 435, in load
    self.loaded_app = import_from_string(self.app)
                      ^^^^^^^^^^^^^^^^^^^^^^^^^^^^
  File "/Users/lianghuiyang/Desktop/Project Space/Collaborative_AI_chatbot_firebase-1/.venv/lib/python3.12/site-packages/uvicorn/importer.py", line 19, in import_from_string
    module = importlib.import_module(module_str)
             ^^^^^^^^^^^^^^^^^^^^^^^^^^^^^^^^^^^
  File "/Library/Frameworks/Python.framework/Versions/3.12/lib/python3.12/importlib/__init__.py", line 90, in import_module
    return _bootstrap._gcd_import(name[level:], package, level)
           ^^^^^^^^^^^^^^^^^^^^^^^^^^^^^^^^^^^^^^^^^^^^^^^^^^^^
  File "<frozen importlib._bootstrap>", line 1381, in _gcd_import
  File "<frozen importlib._bootstrap>", line 1354, in _find_and_load
  File "<frozen importlib._bootstrap>", line 1325, in _find_and_load_unlocked
  File "<frozen importlib._bootstrap>", line 929, in _load_unlocked
  File "<frozen importlib._bootstrap_external>", line 994, in exec_module
  File "<frozen importlib._bootstrap>", line 488, in _call_with_frames_removed
  File "/Users/lianghuiyang/Desktop/Project Space/Collaborative_AI_chatbot_firebase-1/server/app/main.py", line 6, in <module>
    from server.app.routes import router  # 导入所有的 API 路由
    ^^^^^^^^^^^^^^^^^^^^^^^^^^^^^^^^^^^^
  File "/Users/lianghuiyang/Desktop/Project Space/Collaborative_AI_chatbot_firebase-1/server/app/routes/__init__.py", line 4, in <module>
    from .users import router as users_router
  File "/Users/lianghuiyang/Desktop/Project Space/Collaborative_AI_chatbot_firebase-1/server/app/routes/users.py", line 5, in <module>
    from server.app.database import db
  File "/Users/lianghuiyang/Desktop/Project Space/Collaborative_AI_chatbot_firebase-1/server/app/database.py", line 26, in <module>
    raise RuntimeError("FIREBASE_KEY_JSON not set in .env.local for development mode")
RuntimeError: FIREBASE_KEY_JSON not set in .env.local for development mode

[2025-07-20 22:32:31.421][INFO][MainThread][server.app.logger.logger_loader:__init__:93] - Log files /Users/lianghuiyang/Desktop/Project Space/Collaborative_AI_chatbot_firebase-1/server/log/debug.log and /Users/lianghuiyang/Desktop/Project Space/Collaborative_AI_chatbot_firebase-1/server/log/info.log created.
[2025-07-20 22:32:31.819][INFO][MainThread][logging:flush:1144] - [32mINFO[0m:     Will watch for changes in these directories: ['/Users/lianghuiyang/Desktop/Project Space/Collaborative_AI_chatbot_firebase-1/server']

[2025-07-20 22:32:31.819][INFO][MainThread][logging:flush:1144] - [32mINFO[0m:     Uvicorn running on [1mhttp://0.0.0.0:8000[0m (Press CTRL+C to quit)

[2025-07-20 22:32:31.819][INFO][MainThread][logging:flush:1144] - [32mINFO[0m:     Started reloader process [[36m[1m86243[0m] using [36m[1mWatchFiles[0m

[2025-07-20 22:32:32.006][INFO][MainThread][server.app.logger.logger_loader:__init__:93] - Log files /Users/lianghuiyang/Desktop/Project Space/Collaborative_AI_chatbot_firebase-1/server/log/debug.log and /Users/lianghuiyang/Desktop/Project Space/Collaborative_AI_chatbot_firebase-1/server/log/info.log created.
[2025-07-20 22:32:32.296][INFO][MainThread][logging:flush:1144] - [32mINFO[0m:     Started server process [[36m86245[0m]

[2025-07-20 22:32:32.296][INFO][MainThread][logging:flush:1144] - [32mINFO[0m:     Waiting for application startup.

[2025-07-20 22:32:32.296][INFO][MainThread][server.app.websocket_routes:heartbeat_checker:130] - Start websocket server (heartbeat_checker). TID=39122146.
[2025-07-20 22:32:32.296][INFO][MainThread][server.app.websocket_routes:_message_handler:71] - Start websocket server (_message_handler). TID=39122146.
[2025-07-20 22:32:32.296][INFO][MainThread][server.app.websocket_routes:_sender:103] - Start websocket server (_sender). TID=39122146.
[2025-07-20 22:32:32.296][INFO][MainThread][logging:flush:1144] - [32mINFO[0m:     Application startup complete.

[2025-07-20 22:34:02.205][INFO][MainThread][logging:flush:1144] - [32mINFO[0m:     Shutting down

[2025-07-20 22:34:02.308][INFO][MainThread][logging:flush:1144] - [32mINFO[0m:     Waiting for application shutdown.

[2025-07-20 22:34:02.310][INFO][MainThread][logging:flush:1144] - [32mINFO[0m:     Application shutdown complete.

[2025-07-20 22:34:02.310][INFO][MainThread][logging:flush:1144] - [32mINFO[0m:     Finished server process [[36m86245[0m]

[2025-07-20 22:34:02.320][INFO][MainThread][logging:flush:1144] - [32mINFO[0m:     Stopping reloader process [[36m[1m86243[0m]

[2025-07-20 22:34:08.874][INFO][MainThread][server.app.logger.logger_loader:__init__:93] - Log files /Users/lianghuiyang/Desktop/Project Space/Collaborative_AI_chatbot_firebase-1/server/log/debug.log and /Users/lianghuiyang/Desktop/Project Space/Collaborative_AI_chatbot_firebase-1/server/log/info.log created.
[2025-07-20 22:34:09.224][INFO][MainThread][logging:flush:1144] - [32mINFO[0m:     Will watch for changes in these directories: ['/Users/lianghuiyang/Desktop/Project Space/Collaborative_AI_chatbot_firebase-1/server']

[2025-07-20 22:34:09.224][INFO][MainThread][logging:flush:1144] - [32mINFO[0m:     Uvicorn running on [1mhttp://0.0.0.0:8000[0m (Press CTRL+C to quit)

[2025-07-20 22:34:09.225][INFO][MainThread][logging:flush:1144] - [32mINFO[0m:     Started reloader process [[36m[1m86664[0m] using [36m[1mWatchFiles[0m

[2025-07-20 22:34:09.412][INFO][MainThread][server.app.logger.logger_loader:__init__:93] - Log files /Users/lianghuiyang/Desktop/Project Space/Collaborative_AI_chatbot_firebase-1/server/log/debug.log and /Users/lianghuiyang/Desktop/Project Space/Collaborative_AI_chatbot_firebase-1/server/log/info.log created.
[2025-07-20 22:34:09.696][INFO][MainThread][logging:flush:1144] - [32mINFO[0m:     Started server process [[36m86666[0m]

[2025-07-20 22:34:09.696][INFO][MainThread][logging:flush:1144] - [32mINFO[0m:     Waiting for application startup.

[2025-07-20 22:34:09.697][INFO][MainThread][server.app.websocket_routes:heartbeat_checker:130] - Start websocket server (heartbeat_checker). TID=39123783.
[2025-07-20 22:34:09.697][INFO][MainThread][server.app.websocket_routes:_message_handler:71] - Start websocket server (_message_handler). TID=39123783.
[2025-07-20 22:34:09.697][INFO][MainThread][server.app.websocket_routes:_sender:103] - Start websocket server (_sender). TID=39123783.
[2025-07-20 22:34:09.697][INFO][MainThread][logging:flush:1144] - [32mINFO[0m:     Application startup complete.

[2025-07-20 22:34:10.902][INFO][MainThread][logging:flush:1144] - [32mINFO[0m:     Shutting down

[2025-07-20 22:34:11.004][INFO][MainThread][logging:flush:1144] - [32mINFO[0m:     Waiting for application shutdown.

[2025-07-20 22:34:11.005][INFO][MainThread][logging:flush:1144] - [32mINFO[0m:     Application shutdown complete.

[2025-07-20 22:34:11.005][INFO][MainThread][logging:flush:1144] - [32mINFO[0m:     Finished server process [[36m86666[0m]

[2025-07-20 22:34:11.007][INFO][MainThread][logging:flush:1144] - [32mINFO[0m:     Stopping reloader process [[36m[1m86664[0m]

[2025-07-20 22:34:55.459][INFO][MainThread][server.app.logger.logger_loader:__init__:93] - Log files /Users/lianghuiyang/Desktop/Project Space/Collaborative_AI_chatbot_firebase-1/server/log/debug.log and /Users/lianghuiyang/Desktop/Project Space/Collaborative_AI_chatbot_firebase-1/server/log/info.log created.
[2025-07-20 22:34:55.577][ERROR][MainThread][multiprocessing.util:_flush_std_streams:439] - Process SpawnProcess-1:
Traceback (most recent call last):
  File "/Library/Frameworks/Python.framework/Versions/3.12/lib/python3.12/multiprocessing/process.py", line 314, in _bootstrap
    self.run()
  File "/Library/Frameworks/Python.framework/Versions/3.12/lib/python3.12/multiprocessing/process.py", line 108, in run
    self._target(*self._args, **self._kwargs)
  File "/Users/lianghuiyang/Desktop/Project Space/Collaborative_AI_chatbot_firebase-1/.venv/lib/python3.12/site-packages/uvicorn/_subprocess.py", line 80, in subprocess_started
    target(sockets=sockets)
  File "/Users/lianghuiyang/Desktop/Project Space/Collaborative_AI_chatbot_firebase-1/.venv/lib/python3.12/site-packages/uvicorn/server.py", line 66, in run
    return asyncio.run(self.serve(sockets=sockets))
           ^^^^^^^^^^^^^^^^^^^^^^^^^^^^^^^^^^^^^^^^
  File "/Library/Frameworks/Python.framework/Versions/3.12/lib/python3.12/asyncio/runners.py", line 194, in run
    return runner.run(main)
           ^^^^^^^^^^^^^^^^
  File "/Library/Frameworks/Python.framework/Versions/3.12/lib/python3.12/asyncio/runners.py", line 118, in run
    return self._loop.run_until_complete(task)
           ^^^^^^^^^^^^^^^^^^^^^^^^^^^^^^^^^^^
  File "uvloop/loop.pyx", line 1518, in uvloop.loop.Loop.run_until_complete
  File "/Users/lianghuiyang/Desktop/Project Space/Collaborative_AI_chatbot_firebase-1/.venv/lib/python3.12/site-packages/uvicorn/server.py", line 70, in serve
    await self._serve(sockets)
  File "/Users/lianghuiyang/Desktop/Project Space/Collaborative_AI_chatbot_firebase-1/.venv/lib/python3.12/site-packages/uvicorn/server.py", line 77, in _serve
    config.load()
  File "/Users/lianghuiyang/Desktop/Project Space/Collaborative_AI_chatbot_firebase-1/.venv/lib/python3.12/site-packages/uvicorn/config.py", line 435, in load
    self.loaded_app = import_from_string(self.app)
                      ^^^^^^^^^^^^^^^^^^^^^^^^^^^^
  File "/Users/lianghuiyang/Desktop/Project Space/Collaborative_AI_chatbot_firebase-1/.venv/lib/python3.12/site-packages/uvicorn/importer.py", line 19, in import_from_string
    module = importlib.import_module(module_str)
             ^^^^^^^^^^^^^^^^^^^^^^^^^^^^^^^^^^^
  File "/Library/Frameworks/Python.framework/Versions/3.12/lib/python3.12/importlib/__init__.py", line 90, in import_module
    return _bootstrap._gcd_import(name[level:], package, level)
           ^^^^^^^^^^^^^^^^^^^^^^^^^^^^^^^^^^^^^^^^^^^^^^^^^^^^
  File "<frozen importlib._bootstrap>", line 1381, in _gcd_import
  File "<frozen importlib._bootstrap>", line 1354, in _find_and_load
  File "<frozen importlib._bootstrap>", line 1325, in _find_and_load_unlocked
  File "<frozen importlib._bootstrap>", line 929, in _load_unlocked
  File "<frozen importlib._bootstrap_external>", line 994, in exec_module
  File "<frozen importlib._bootstrap>", line 488, in _call_with_frames_removed
  File "/Users/lianghuiyang/Desktop/Project Space/Collaborative_AI_chatbot_firebase-1/server/app/main.py", line 6, in <module>
    from server.app.routes import router  # 导入所有的 API 路由
    ^^^^^^^^^^^^^^^^^^^^^^^^^^^^^^^^^^^^
  File "/Users/lianghuiyang/Desktop/Project Space/Collaborative_AI_chatbot_firebase-1/server/app/routes/__init__.py", line 4, in <module>
    from .users import router as users_router
  File "/Users/lianghuiyang/Desktop/Project Space/Collaborative_AI_chatbot_firebase-1/server/app/routes/users.py", line 5, in <module>
    from server.app.database import db
  File "/Users/lianghuiyang/Desktop/Project Space/Collaborative_AI_chatbot_firebase-1/server/app/database.py", line 26, in <module>
    raise RuntimeError("FIREBASE_KEY_JSON not set in .env.local for development mode")
RuntimeError: FIREBASE_KEY_JSON not set in .env.local for development mode

[2025-07-20 22:35:24.667][INFO][MainThread][server.app.logger.logger_loader:__init__:93] - Log files /Users/lianghuiyang/Desktop/Project Space/Collaborative_AI_chatbot_firebase-1/server/log/debug.log and /Users/lianghuiyang/Desktop/Project Space/Collaborative_AI_chatbot_firebase-1/server/log/info.log created.
[2025-07-20 22:35:24.784][ERROR][MainThread][multiprocessing.util:_flush_std_streams:439] - Process SpawnProcess-1:
Traceback (most recent call last):
  File "/Library/Frameworks/Python.framework/Versions/3.12/lib/python3.12/multiprocessing/process.py", line 314, in _bootstrap
    self.run()
  File "/Library/Frameworks/Python.framework/Versions/3.12/lib/python3.12/multiprocessing/process.py", line 108, in run
    self._target(*self._args, **self._kwargs)
  File "/Users/lianghuiyang/Desktop/Project Space/Collaborative_AI_chatbot_firebase-1/.venv/lib/python3.12/site-packages/uvicorn/_subprocess.py", line 80, in subprocess_started
    target(sockets=sockets)
  File "/Users/lianghuiyang/Desktop/Project Space/Collaborative_AI_chatbot_firebase-1/.venv/lib/python3.12/site-packages/uvicorn/server.py", line 66, in run
    return asyncio.run(self.serve(sockets=sockets))
           ^^^^^^^^^^^^^^^^^^^^^^^^^^^^^^^^^^^^^^^^
  File "/Library/Frameworks/Python.framework/Versions/3.12/lib/python3.12/asyncio/runners.py", line 194, in run
    return runner.run(main)
           ^^^^^^^^^^^^^^^^
  File "/Library/Frameworks/Python.framework/Versions/3.12/lib/python3.12/asyncio/runners.py", line 118, in run
    return self._loop.run_until_complete(task)
           ^^^^^^^^^^^^^^^^^^^^^^^^^^^^^^^^^^^
  File "uvloop/loop.pyx", line 1518, in uvloop.loop.Loop.run_until_complete
  File "/Users/lianghuiyang/Desktop/Project Space/Collaborative_AI_chatbot_firebase-1/.venv/lib/python3.12/site-packages/uvicorn/server.py", line 70, in serve
    await self._serve(sockets)
  File "/Users/lianghuiyang/Desktop/Project Space/Collaborative_AI_chatbot_firebase-1/.venv/lib/python3.12/site-packages/uvicorn/server.py", line 77, in _serve
    config.load()
  File "/Users/lianghuiyang/Desktop/Project Space/Collaborative_AI_chatbot_firebase-1/.venv/lib/python3.12/site-packages/uvicorn/config.py", line 435, in load
    self.loaded_app = import_from_string(self.app)
                      ^^^^^^^^^^^^^^^^^^^^^^^^^^^^
  File "/Users/lianghuiyang/Desktop/Project Space/Collaborative_AI_chatbot_firebase-1/.venv/lib/python3.12/site-packages/uvicorn/importer.py", line 19, in import_from_string
    module = importlib.import_module(module_str)
             ^^^^^^^^^^^^^^^^^^^^^^^^^^^^^^^^^^^
  File "/Library/Frameworks/Python.framework/Versions/3.12/lib/python3.12/importlib/__init__.py", line 90, in import_module
    return _bootstrap._gcd_import(name[level:], package, level)
           ^^^^^^^^^^^^^^^^^^^^^^^^^^^^^^^^^^^^^^^^^^^^^^^^^^^^
  File "<frozen importlib._bootstrap>", line 1381, in _gcd_import
  File "<frozen importlib._bootstrap>", line 1354, in _find_and_load
  File "<frozen importlib._bootstrap>", line 1325, in _find_and_load_unlocked
  File "<frozen importlib._bootstrap>", line 929, in _load_unlocked
  File "<frozen importlib._bootstrap_external>", line 994, in exec_module
  File "<frozen importlib._bootstrap>", line 488, in _call_with_frames_removed
  File "/Users/lianghuiyang/Desktop/Project Space/Collaborative_AI_chatbot_firebase-1/server/app/main.py", line 6, in <module>
    from server.app.routes import router  # 导入所有的 API 路由
    ^^^^^^^^^^^^^^^^^^^^^^^^^^^^^^^^^^^^
  File "/Users/lianghuiyang/Desktop/Project Space/Collaborative_AI_chatbot_firebase-1/server/app/routes/__init__.py", line 4, in <module>
    from .users import router as users_router
  File "/Users/lianghuiyang/Desktop/Project Space/Collaborative_AI_chatbot_firebase-1/server/app/routes/users.py", line 5, in <module>
    from server.app.database import db
  File "/Users/lianghuiyang/Desktop/Project Space/Collaborative_AI_chatbot_firebase-1/server/app/database.py", line 26, in <module>
    raise RuntimeError("FIREBASE_KEY_JSON not set in .env.local for development mode")
RuntimeError: FIREBASE_KEY_JSON not set in .env.local for development mode

